  ConsoleApplication2.cpp
  SourceCode.cpp
C:\Users\Дмитрий\source\repos\Тренинг\MySession\SourceCode.cpp(135,49): warning C4305: инициализация: усечение из "double" в "float"
C:\Users\Дмитрий\source\repos\Тренинг\MySession\SourceCode.cpp(143,49): warning C4305: инициализация: усечение из "double" в "float"
C:\Users\Дмитрий\source\repos\Тренинг\MySession\SourceCode.cpp(148,17): warning C4267: аргумент: преобразование из "size_t" в "const int"; возможна потеря данных
C:\Users\Дмитрий\source\repos\Тренинг\MySession\SourceCode.cpp(163,62): warning C4267: аргумент: преобразование из "size_t" в "const int"; возможна потеря данных
C:\Users\Дмитрий\source\repos\Тренинг\MySession\SourceCode.cpp(165,12): warning C4267: аргумент: преобразование из "size_t" в "const int"; возможна потеря данных
C:\Program Files (x86)\Microsoft Visual Studio\2019\Community\VC\Tools\MSVC\14.28.29333\include\utility(190,1): warning C4267: инициализация: преобразование из "size_t" в "_Ty1"; возможна потеря данных
          with
          [
              _Ty1=const int
          ]
C:\Program Files (x86)\Microsoft Visual Studio\2019\Community\VC\Tools\MSVC\14.28.29333\include\xmemory(700): message : выполняется компиляция ссылки на экземпляр шаблон функции "std::pair<const int,float>::pair<size_t&,_Ty,0>(_Other1,_Other2 &&) noexcept"
          with
          [
              _Ty=unsigned int,
              _Other1=size_t &,
              _Other2=unsigned int
          ]
C:\Program Files (x86)\Microsoft Visual Studio\2019\Community\VC\Tools\MSVC\14.28.29333\include\xmemory(701): message : выполняется компиляция ссылки на экземпляр шаблон функции "std::pair<const int,float>::pair<size_t&,_Ty,0>(_Other1,_Other2 &&) noexcept"
          with
          [
              _Ty=unsigned int,
              _Other1=size_t &,
              _Other2=unsigned int
          ]
C:\Program Files (x86)\Microsoft Visual Studio\2019\Community\VC\Tools\MSVC\14.28.29333\include\xtree(805): message : выполняется компиляция ссылки на экземпляр шаблон функции "void std::_Default_allocator_traits<_Alloc>::construct<_Ty,size_t&,unsigned int>(_Alloc &,_Objty *const ,size_t &,unsigned int &&)"
          with
          [
              _Alloc=std::allocator<std::_Tree_node<std::pair<const int,float>,std::_Default_allocator_traits<std::allocator<std::pair<const int,float>>>::void_pointer>>,
              _Ty=std::pair<const int,float>,
              _Objty=std::pair<const int,float>
          ]
C:\Program Files (x86)\Microsoft Visual Studio\2019\Community\VC\Tools\MSVC\14.28.29333\include\xtree(806): message : выполняется компиляция ссылки на экземпляр шаблон функции "void std::_Default_allocator_traits<_Alloc>::construct<_Ty,size_t&,unsigned int>(_Alloc &,_Objty *const ,size_t &,unsigned int &&)"
          with
          [
              _Alloc=std::allocator<std::_Tree_node<std::pair<const int,float>,std::_Default_allocator_traits<std::allocator<std::pair<const int,float>>>::void_pointer>>,
              _Ty=std::pair<const int,float>,
              _Objty=std::pair<const int,float>
          ]
C:\Program Files (x86)\Microsoft Visual Studio\2019\Community\VC\Tools\MSVC\14.28.29333\include\xtree(1002): message : выполняется компиляция ссылки на экземпляр шаблон функции "std::_Tree_temp_node<std::allocator<std::_Tree_node<std::pair<const int,float>,std::_Default_allocator_traits<_Alloc>::void_pointer>>>::_Tree_temp_node<size_t&,_Ty>(_Alnode &,std::_Tree_node<std::pair<const int,float>,std::_Default_allocator_traits<_Alloc>::void_pointer> *,size_t &,_Ty &&)"
          with
          [
              _Alloc=std::allocator<std::pair<const int,float>>,
              _Ty=unsigned int,
              _Alnode=std::allocator<std::_Tree_node<std::pair<const int,float>,std::_Default_allocator_traits<std::allocator<std::pair<const int,float>>>::void_pointer>>
          ]
C:\Program Files (x86)\Microsoft Visual Studio\2019\Community\VC\Tools\MSVC\14.28.29333\include\xtree(1018): message : выполняется компиляция ссылки на экземпляр шаблон функции "std::_Tree_temp_node<std::allocator<std::_Tree_node<std::pair<const int,float>,std::_Default_allocator_traits<_Alloc>::void_pointer>>>::_Tree_temp_node<size_t&,_Ty>(_Alnode &,std::_Tree_node<std::pair<const int,float>,std::_Default_allocator_traits<_Alloc>::void_pointer> *,size_t &,_Ty &&)"
          with
          [
              _Alloc=std::allocator<std::pair<const int,float>>,
              _Ty=unsigned int,
              _Alnode=std::allocator<std::_Tree_node<std::pair<const int,float>,std::_Default_allocator_traits<std::allocator<std::pair<const int,float>>>::void_pointer>>
          ]
C:\Program Files (x86)\Microsoft Visual Studio\2019\Community\VC\Tools\MSVC\14.28.29333\include\xtree(1094): message : выполняется компиляция ссылки на экземпляр шаблон функции "std::pair<std::_Tree_node<std::pair<const int,float>,std::_Default_allocator_traits<_Alloc>::void_pointer> *,bool> std::_Tree<std::_Tmap_traits<_Kty,_Ty,_Pr,_Alloc,false>>::_Emplace<size_t&,unsigned int>(size_t &,unsigned int &&)"
          with
          [
              _Alloc=std::allocator<std::pair<const int,float>>,
              _Kty=int,
              _Ty=float,
              _Pr=std::less<int>
          ]
C:\Program Files (x86)\Microsoft Visual Studio\2019\Community\VC\Tools\MSVC\14.28.29333\include\xtree(1095): message : выполняется компиляция ссылки на экземпляр шаблон функции "std::pair<std::_Tree_node<std::pair<const int,float>,std::_Default_allocator_traits<_Alloc>::void_pointer> *,bool> std::_Tree<std::_Tmap_traits<_Kty,_Ty,_Pr,_Alloc,false>>::_Emplace<size_t&,unsigned int>(size_t &,unsigned int &&)"
          with
          [
              _Alloc=std::allocator<std::pair<const int,float>>,
              _Kty=int,
              _Ty=float,
              _Pr=std::less<int>
          ]
C:\Users\Дмитрий\source\repos\Тренинг\MySession\SourceCode.cpp(147): message : выполняется компиляция ссылки на экземпляр шаблон функции "std::pair<std::_Tree_iterator<std::_Tree_val<std::_Tree_simple_types<std::pair<const int,float>>>>,bool> std::_Tree<std::_Tmap_traits<_Kty,_Ty,_Pr,_Alloc,false>>::emplace<size_t&,unsigned int>(size_t &,unsigned int &&)"
          with
          [
              _Kty=int,
              _Ty=float,
              _Pr=std::less<int>,
              _Alloc=std::allocator<std::pair<const int,float>>
          ]
C:\Users\Дмитрий\source\repos\Тренинг\MySession\SourceCode.cpp(147): message : выполняется компиляция ссылки на экземпляр шаблон функции "std::pair<std::_Tree_iterator<std::_Tree_val<std::_Tree_simple_types<std::pair<const int,float>>>>,bool> std::_Tree<std::_Tmap_traits<_Kty,_Ty,_Pr,_Alloc,false>>::emplace<size_t&,unsigned int>(size_t &,unsigned int &&)"
          with
          [
              _Kty=int,
              _Ty=float,
              _Pr=std::less<int>,
              _Alloc=std::allocator<std::pair<const int,float>>
          ]
C:\Program Files (x86)\Microsoft Visual Studio\2019\Community\VC\Tools\MSVC\14.28.29333\include\utility(190,1): warning C4244: инициализация: преобразование "_Ty" в "_Ty2", возможна потеря данных
          with
          [
              _Ty=unsigned int
          ]
          and
          [
              _Ty2=float
          ]
  Создание кода...
C:\Users\Дмитрий\source\repos\Тренинг\MySession\SourceCode.cpp(239): warning C4715: Group_Teachers::Get_Power_On_Id_Teach: значение возвращается не при всех путях выполнения
C:\Users\Дмитрий\source\repos\Тренинг\MySession\SourceCode.cpp(250): warning C4715: Group_Teachers::Get_Fam_Teach_In_Group: значение возвращается не при всех путях выполнения
  ConsoleApplication2.vcxproj -> C:\Users\Дмитрий\source\repos\Тренинг\MySession\x64\Debug\ConsoleApplication2.exe
